<?xml version="1.0" encoding="utf-8" standalone="no"?>
<!--This file represents the results of running a test suite-->
<test-results name="C:\Users\Хозяин\Desktop\gyr\sumPractise\TP_WF_lab5\Tests\bin\Release\Tests.dll" total="3" errors="0" failures="0" not-run="0" inconclusive="0" ignored="0" skipped="0" invalid="0" date="2018-06-27" time="06:40:39">
  <environment nunit-version="2.6.4.14350" clr-version="2.0.50727.8922" os-version="Microsoft Windows NT 6.2.9200.0" platform="Win32NT" cwd="C:\Users\Хозяин\Desktop\gyr\sumPractise\TP_WF_lab5\Tests\bin\Release" machine-name="DESKTOP-79OHPAQ" user="Хозяин" user-domain="DESKTOP-79OHPAQ" />
  <culture-info current-culture="ru-RU" current-uiculture="ru-RU" />
  <test-suite type="Assembly" name="C:\Users\Хозяин\Desktop\gyr\sumPractise\TP_WF_lab5\Tests\bin\Release\Tests.dll" executed="True" result="Success" success="True" time="3.715" asserts="0">
    <results>
      <test-suite type="Namespace" name="Tests" executed="True" result="Success" success="True" time="3.707" asserts="0">
        <results>
          <test-suite type="TestFixture" name="Class1" executed="True" result="Success" success="True" time="3.704" asserts="0">
            <results>
              <test-case name="Tests.Class1.Test1" executed="True" result="Success" success="True" time="0.613" asserts="1" />
              <test-case name="Tests.Class1.Test2" executed="True" result="Success" success="True" time="0.029" asserts="1" />
              <test-case name="Tests.Class1.Test3" executed="True" result="Success" success="True" time="3.037" asserts="1" />
            </results>
          </test-suite>
        </results>
      </test-suite>
    </results>
  </test-suite>
</test-results>