<?xml version="1.0" encoding="utf-8" standalone="no"?>
<!--This file represents the results of running a test suite-->
<test-results name="C:\Users\Хозяин\Desktop\Lab6_TP\Tests2\bin\Debug\Tests2.dll" total="6" errors="0" failures="0" not-run="0" inconclusive="0" ignored="0" skipped="0" invalid="0" date="2018-06-27" time="04:14:58">
  <environment nunit-version="2.6.4.14350" clr-version="2.0.50727.8922" os-version="Microsoft Windows NT 6.2.9200.0" platform="Win32NT" cwd="C:\Users\Хозяин\Desktop\Lab6_TP\Tests2\bin\Debug" machine-name="DESKTOP-79OHPAQ" user="Хозяин" user-domain="DESKTOP-79OHPAQ" />
  <culture-info current-culture="ru-RU" current-uiculture="ru-RU" />
  <test-suite type="Assembly" name="C:\Users\Хозяин\Desktop\Lab6_TP\Tests2\bin\Debug\Tests2.dll" executed="True" result="Success" success="True" time="0.017" asserts="0">
    <results>
      <test-suite type="Namespace" name="Tests2" executed="True" result="Success" success="True" time="0.017" asserts="0">
        <results>
          <test-suite type="TestFixture" name="Tests2" executed="True" result="Success" success="True" time="0.017" asserts="0">
            <results>
              <test-case name="Tests2.Tests2.Test1" executed="True" result="Success" success="True" time="0.000" asserts="1" />
              <test-case name="Tests2.Tests2.Test2" executed="True" result="Success" success="True" time="0.000" asserts="1" />
              <test-case name="Tests2.Tests2.Test3" executed="True" result="Success" success="True" time="0.000" asserts="1" />
              <test-case name="Tests2.Tests2.Test4" executed="True" result="Success" success="True" time="0.000" asserts="1" />
              <test-case name="Tests2.Tests2.Test5" executed="True" result="Success" success="True" time="0.000" asserts="1" />
              <test-case name="Tests2.Tests2.Test6" executed="True" result="Success" success="True" time="0.000" asserts="1" />
            </results>
          </test-suite>
        </results>
      </test-suite>
    </results>
  </test-suite>
</test-results>